<?xml version="1.0" encoding="UTF-8"?>
<!-- Generated by org.testng.reporters.JUnitXMLReporter -->
<testsuite ignored="1" hostname="Keerthichandras-MacBook-Air.local" failures="0" tests="3" name="Parallel Test" time="15.948" errors="0" timestamp="2024-07-09T22:44:58 IST">
  <testcase classname="kc.io.tests.ParallelTest" name="printParallelTest" time="2.492"/>
  <testcase classname="kc.io.tests.LetsKodeitAlertTest" name="lestKodeit" time="9.087"/>
  <testcase classname="kc.io.tests.LetsKodeitAlertTest" name="print" time="1.823"/>
  <testcase classname="kc.io.tests.BaseTest" name="@BeforeSuite gobalSetup" time="0.0">
    <ignored/>
  </testcase> <!-- @BeforeSuite gobalSetup -->
</testsuite> <!-- Parallel Test -->
